<?xml version="1.0" encoding="UTF-8"?>
<!-- Generated by org.testng.reporters.JUnitReportReporter -->
<testsuite skipped="0" hostname="wjn" name="action.shezhi_shezhi" tests="1" failures="0" timestamp="23 十一月 2017 07:16:59 GMT" time="15.019" errors="0">
  <testcase name="method" time="15.019" classname="action.shezhi_shezhi"/>
</testsuite> <!-- action.shezhi_shezhi -->
