<?xml version="1.0" encoding="UTF-8"?>
<!-- Generated by org.testng.reporters.JUnitReportReporter -->
<testsuite skipped="0" hostname="wjn" name="action.yongli1" tests="1" failures="0" timestamp="17 十一月 2017 06:45:45 GMT" time="11.497" errors="0">
  <testcase name="three" time="11.497" classname="action.yongli1"/>
</testsuite> <!-- action.yongli1 -->
