<?xml version="1.0" encoding="UTF-8"?>
<!-- Generated by org.testng.reporters.JUnitReportReporter -->
<testsuite skipped="0" hostname="wjn" name="login.Login_Action" tests="1" failures="0" timestamp="17 十一月 2017 02:36:45 GMT" time="3.408" errors="0">
  <testcase name="test" time="3.408" classname="login.Login_Action"/>
</testsuite> <!-- login.Login_Action -->
