<?xml version="1.0" encoding="UTF-8"?>
<!-- Generated by org.testng.reporters.JUnitReportReporter -->
<testsuite skipped="0" hostname="wjn" name="action.dingdanTest" tests="1" failures="0" timestamp="21 十一月 2017 07:28:45 GMT" time="11.133" errors="0">
  <testcase name="two" time="11.133" classname="action.dingdanTest"/>
</testsuite> <!-- action.dingdanTest -->
