<?xml version="1.0" encoding="UTF-8"?>
<!-- Generated by org.testng.reporters.JUnitReportReporter -->
<testsuite skipped="0" hostname="wjn" name="action.shezhi_kuaidiTest" tests="1" failures="0" timestamp="21 十一月 2017 02:46:49 GMT" time="14.266" errors="0">
  <testcase name="kuaidi" time="14.266" classname="action.shezhi_kuaidiTest"/>
</testsuite> <!-- action.shezhi_kuaidiTest -->
