<?xml version="1.0" encoding="UTF-8"?>
<!-- Generated by org.testng.reporters.JUnitReportReporter -->
<testsuite skipped="0" hostname="wjn" name="chanzhi.BaseTest" tests="1" failures="0" timestamp="17 十一月 2017 02:18:02 GMT" time="0.007" errors="0">
  <testcase name="test" time="0.007" classname="chanzhi.BaseTest"/>
</testsuite> <!-- chanzhi.BaseTest -->
