<?xml version="1.0" encoding="UTF-8"?>
<!-- Generated by org.testng.reporters.JUnitReportReporter -->
<testsuite skipped="0" hostname="wjn" name="action.chanpinTest" tests="1" failures="0" timestamp="23 十一月 2017 08:37:32 GMT" time="14.298" errors="0">
  <testcase name="six" time="14.298" classname="action.chanpinTest"/>
</testsuite> <!-- action.chanpinTest -->
