<?xml version="1.0" encoding="UTF-8"?>
<!-- Generated by org.testng.reporters.JUnitReportReporter -->
<testsuite skipped="0" hostname="wjn" name="action.dingdan_jifenTest" tests="1" failures="0" timestamp="23 十一月 2017 07:27:39 GMT" time="8.348" errors="0">
  <testcase name="daifahuo" time="8.348" classname="action.dingdan_jifenTest"/>
</testsuite> <!-- action.dingdan_jifenTest -->
